<?xml version="1.0" encoding="UTF-8"?>
<!-- Generated by org.testng.reporters.JUnitReportReporter -->
<testsuite hostname="DESKTOP-DQN0RRE" failures="0" tests="2" name="com.purnadata.testcases.EmployeeTest" time="33.583" errors="0" timestamp="2022-02-27T21:35:01 IST" skipped="0">
  <testcase classname="com.purnadata.testcases.EmployeeTest" name="addNewEmployeeSuccessTest" time="16.938"/>
  <system-out/>
  <testcase classname="com.purnadata.testcases.EmployeeTest" name="addNewEmployeeSuccessTest" time="16.645"/>
  <system-out/>
</testsuite> <!-- com.purnadata.testcases.EmployeeTest -->
