<?xml version="1.0" encoding="UTF-8"?>
<!-- Generated by org.testng.reporters.JUnitReportReporter -->
<testsuite hostname="DESKTOP-9D368LM" failures="0" tests="1" name="com.purna_data.testcases.purna_logintest" time="4.512" errors="0" timestamp="2025-06-27T17:15:43 IST" skipped="0">
  <testcase classname="com.purna_data.testcases.purna_logintest" name="loginsuccess" time="4.512"/>
</testsuite> <!-- com.purna_data.testcases.purna_logintest -->
